I[22:20:07.622] Apple clangd version 17.0.0 (clang-1700.3.19.1)
I[22:20:07.623] Features: mac+xpc
I[22:20:07.623] PID: 51549
I[22:20:07.623] Working directory: /Users/scroobz/Navigation/saily
I[22:20:07.623] argv[0]: /Library/Developer/CommandLineTools/usr/bin/clangd
I[22:20:07.624] Starting LSP over stdin/stdout
I[22:20:07.624] <-- initialize(1)
I[22:20:07.638] --> reply:initialize(1) 13 ms
I[22:20:07.638] <-- initialized
I[14:49:12.402] <-- shutdown(2)
I[14:49:12.405] --> reply:shutdown(2) 2 ms
I[14:49:12.407] <-- exit
I[14:49:12.407] LSP finished, exiting with status 0
I[20:36:42.871] Apple clangd version 17.0.0 (clang-1700.3.19.1)
I[20:36:42.873] Features: mac+xpc
I[20:36:42.873] PID: 85649
I[20:36:42.873] Working directory: /Users/scroobz/Navigation/saily
I[20:36:42.873] argv[0]: /Applications/Dev/Xcode.app/Contents/Developer/Toolchains/XcodeDefault.xctoolchain/usr/bin/clangd
I[20:36:42.873] Starting LSP over stdin/stdout
I[20:36:42.874] <-- initialize(1)
I[20:36:43.458] --> reply:initialize(1) 583 ms
I[20:36:43.458] <-- initialized
I[20:38:03.050] <-- shutdown(2)
I[20:38:03.050] --> reply:shutdown(2) 0 ms
I[20:38:03.050] <-- exit
I[20:38:03.050] LSP finished, exiting with status 0
I[20:38:09.088] Apple clangd version 17.0.0 (clang-1700.3.19.1)
I[20:38:09.088] Features: mac+xpc
I[20:38:09.088] PID: 86533
I[20:38:09.088] Working directory: /Users/scroobz/Navigation/saily
I[20:38:09.088] argv[0]: /Applications/Dev/Xcode.app/Contents/Developer/Toolchains/XcodeDefault.xctoolchain/usr/bin/clangd
I[20:38:09.088] Starting LSP over stdin/stdout
I[20:38:09.088] <-- initialize(1)
I[20:38:09.096] --> reply:initialize(1) 7 ms
I[20:38:09.096] <-- initialized
I[20:39:30.930] Apple clangd version 17.0.0 (clang-1700.3.19.1)
I[20:39:30.931] Features: mac+xpc
I[20:39:30.931] PID: 89740
I[20:39:30.931] Working directory: /Users/scroobz/Navigation/saily
I[20:39:30.931] argv[0]: /Applications/Dev/Xcode.app/Contents/Developer/Toolchains/XcodeDefault.xctoolchain/usr/bin/clangd
I[20:39:30.931] Starting LSP over stdin/stdout
I[20:39:30.931] <-- initialize(1)
I[20:39:30.940] --> reply:initialize(1) 8 ms
I[20:39:30.940] <-- initialized
I[20:39:33.455] <-- shutdown(2)
I[20:39:33.455] --> reply:shutdown(2) 0 ms
I[20:39:33.455] <-- exit
I[20:39:33.455] LSP finished, exiting with status 0
I[20:39:36.408] Apple clangd version 17.0.0 (clang-1700.3.19.1)
I[20:39:36.409] Features: mac+xpc
I[20:39:36.409] PID: 89985
I[20:39:36.409] Working directory: /Users/scroobz/Navigation/saily
I[20:39:36.409] argv[0]: /Applications/Dev/Xcode.app/Contents/Developer/Toolchains/XcodeDefault.xctoolchain/usr/bin/clangd
I[20:39:36.409] Starting LSP over stdin/stdout
I[20:39:36.409] <-- initialize(1)
I[20:39:36.417] --> reply:initialize(1) 8 ms
I[20:39:36.417] <-- initialized
I[20:39:53.096] <-- shutdown(2)
I[20:39:53.096] --> reply:shutdown(2) 0 ms
I[20:39:53.096] <-- exit
I[20:39:53.096] LSP finished, exiting with status 0
I[22:53:40.431] Apple clangd version 17.0.0 (clang-1700.3.19.1)
I[22:53:40.433] Features: mac+xpc
I[22:53:40.433] PID: 4102
I[22:53:40.433] Working directory: /Users/scroobz/Navigation/saily
I[22:53:40.433] argv[0]: /Applications/Dev/Xcode.app/Contents/Developer/Toolchains/XcodeDefault.xctoolchain/usr/bin/clangd
I[22:53:40.435] Starting LSP over stdin/stdout
I[22:53:40.436] <-- initialize(1)
I[22:53:41.692] --> reply:initialize(1) 1255 ms
I[22:53:41.693] <-- initialized
E[11:44:48.209] Transport error: Got signal, shutting down
I[11:44:48.212] LSP finished, exiting with status 1
I[19:37:14.105] Apple clangd version 17.0.0 (clang-1700.3.19.1)
I[19:37:14.107] Features: mac+xpc
I[19:37:14.107] PID: 23838
I[19:37:14.107] Working directory: /Users/scroobz/Navigation/saily
I[19:37:14.107] argv[0]: /Applications/Dev/Xcode.app/Contents/Developer/Toolchains/XcodeDefault.xctoolchain/usr/bin/clangd
I[19:37:14.107] Starting LSP over stdin/stdout
I[19:37:14.108] <-- initialize(1)
I[19:37:14.119] --> reply:initialize(1) 11 ms
I[19:37:14.119] <-- initialized
E[19:42:25.422] Transport error: Got signal, shutting down
I[19:42:25.425] LSP finished, exiting with status 1
I[13:48:32.083] Apple clangd version 17.0.0 (clang-1700.3.19.1)
I[13:48:32.085] Features: mac+xpc
I[13:48:32.085] PID: 78124
I[13:48:32.085] Working directory: /Users/scroobz/Navigation/saily
I[13:48:32.085] argv[0]: /Applications/Dev/Xcode.app/Contents/Developer/Toolchains/XcodeDefault.xctoolchain/usr/bin/clangd
I[13:48:32.085] Starting LSP over stdin/stdout
I[13:48:32.087] <-- initialize(1)
I[13:48:32.100] --> reply:initialize(1) 13 ms
I[13:48:32.101] <-- initialized
I[15:58:28.321] <-- shutdown(2)
I[15:58:28.321] --> reply:shutdown(2) 0 ms
I[15:58:28.322] <-- exit
I[15:58:28.322] LSP finished, exiting with status 0
I[21:01:03.498] Apple clangd version 17.0.0 (clang-1700.3.19.1)
I[21:01:03.500] Features: mac+xpc
I[21:01:03.500] PID: 91128
I[21:01:03.500] Working directory: /Users/scroobz/Navigation/saily
I[21:01:03.500] argv[0]: /Applications/Dev/Xcode.app/Contents/Developer/Toolchains/XcodeDefault.xctoolchain/usr/bin/clangd
I[21:01:03.501] Starting LSP over stdin/stdout
I[21:01:03.502] <-- initialize(1)
I[21:01:03.515] --> reply:initialize(1) 13 ms
I[21:01:03.516] <-- initialized
I[21:52:18.154] Apple clangd version 17.0.0 (clang-1700.3.19.1)
I[21:52:18.156] Features: mac+xpc
I[21:52:18.156] PID: 33971
I[21:52:18.156] Working directory: /Users/scroobz/Navigation/saily
I[21:52:18.156] argv[0]: /Applications/Dev/Xcode.app/Contents/Developer/Toolchains/XcodeDefault.xctoolchain/usr/bin/clangd
I[21:52:18.156] Starting LSP over stdin/stdout
I[21:52:18.157] <-- initialize(1)
I[21:52:18.170] --> reply:initialize(1) 12 ms
I[21:52:18.170] <-- initialized
I[16:25:06.996] Apple clangd version 17.0.0 (clang-1700.3.19.1)
I[16:25:06.997] Features: mac+xpc
I[16:25:06.997] PID: 20753
I[16:25:06.997] Working directory: /Users/scroobz/Navigation/saily
I[16:25:06.997] argv[0]: /Applications/Dev/Xcode.app/Contents/Developer/Toolchains/XcodeDefault.xctoolchain/usr/bin/clangd
I[16:25:06.997] Starting LSP over stdin/stdout
I[16:25:06.999] <-- initialize(1)
I[16:25:07.017] --> reply:initialize(1) 18 ms
I[16:25:07.018] <-- initialized
I[18:42:13.181] <-- shutdown(2)
I[18:42:13.183] --> reply:shutdown(2) 2 ms
I[18:42:13.185] <-- exit
I[18:42:13.185] LSP finished, exiting with status 0
I[18:42:22.806] Apple clangd version 17.0.0 (clang-1700.3.19.1)
I[18:42:22.806] Features: mac+xpc
I[18:42:22.806] PID: 42442
I[18:42:22.806] Working directory: /Users/scroobz/Navigation/saily
I[18:42:22.806] argv[0]: /Applications/Dev/Xcode.app/Contents/Developer/Toolchains/XcodeDefault.xctoolchain/usr/bin/clangd
I[18:42:22.806] Starting LSP over stdin/stdout
I[18:42:22.807] <-- initialize(1)
I[18:42:22.818] --> reply:initialize(1) 11 ms
I[18:42:22.818] <-- initialized
I[18:50:38.393] <-- shutdown(2)
I[18:50:38.395] --> reply:shutdown(2) 2 ms
I[18:50:38.397] <-- exit
I[18:50:38.397] LSP finished, exiting with status 0
I[19:17:19.016] Apple clangd version 17.0.0 (clang-1700.3.19.1)
I[19:17:19.017] Features: mac+xpc
I[19:17:19.017] PID: 57152
I[19:17:19.017] Working directory: /Users/scroobz/Navigation/saily
I[19:17:19.018] argv[0]: /Applications/Dev/Xcode.app/Contents/Developer/Toolchains/XcodeDefault.xctoolchain/usr/bin/clangd
I[19:17:19.018] Starting LSP over stdin/stdout
I[19:17:19.019] <-- initialize(1)
I[19:17:19.034] --> reply:initialize(1) 14 ms
I[19:17:19.034] <-- initialized
I[19:59:27.367] <-- shutdown(2)
I[19:59:27.369] --> reply:shutdown(2) 2 ms
I[19:59:27.371] <-- exit
I[19:59:27.371] LSP finished, exiting with status 0
I[20:04:30.911] Apple clangd version 17.0.0 (clang-1700.3.19.1)
I[20:04:30.913] Features: mac+xpc
I[20:04:30.913] PID: 76097
I[20:04:30.913] Working directory: /Users/scroobz/Navigation/saily
I[20:04:30.913] argv[0]: /Applications/Dev/Xcode.app/Contents/Developer/Toolchains/XcodeDefault.xctoolchain/usr/bin/clangd
I[20:04:30.914] Starting LSP over stdin/stdout
I[20:04:30.915] <-- initialize(1)
I[20:04:30.928] --> reply:initialize(1) 13 ms
I[20:04:30.928] <-- initialized
E[20:47:18.956] Transport error: Got signal, shutting down
I[20:47:18.956] LSP finished, exiting with status 1
I[22:25:44.239] Apple clangd version 17.0.0 (clang-1700.3.19.1)
I[22:25:44.241] Features: mac+xpc
I[22:25:44.241] PID: 86335
I[22:25:44.241] Working directory: /Users/scroobz/Navigation/saily
I[22:25:44.241] argv[0]: /Applications/Dev/Xcode.app/Contents/Developer/Toolchains/XcodeDefault.xctoolchain/usr/bin/clangd
I[22:25:44.241] Starting LSP over stdin/stdout
I[22:25:44.242] <-- initialize(1)
I[22:25:44.254] --> reply:initialize(1) 12 ms
I[22:25:44.255] <-- initialized
I[22:26:09.747] <-- shutdown(2)
I[22:26:09.747] --> reply:shutdown(2) 0 ms
I[22:26:09.747] <-- exit
I[22:26:09.747] LSP finished, exiting with status 0
I[11:08:52.439] Apple clangd version 17.0.0 (clang-1700.3.19.1)
I[11:08:52.440] Features: mac+xpc
I[11:08:52.440] PID: 59534
I[11:08:52.440] Working directory: /Users/scroobz/Navigation/saily
I[11:08:52.440] argv[0]: /Applications/Dev/Xcode.app/Contents/Developer/Toolchains/XcodeDefault.xctoolchain/usr/bin/clangd
I[11:08:52.441] Starting LSP over stdin/stdout
I[11:08:52.442] <-- initialize(1)
I[11:08:52.454] --> reply:initialize(1) 12 ms
I[11:08:52.455] <-- initialized
E[14:39:56.238] Transport error: Got signal, shutting down
I[14:39:56.244] LSP finished, exiting with status 1
I[00:45:03.759] Apple clangd version 17.0.0 (clang-1700.3.19.1)
I[00:45:03.760] Features: mac+xpc
I[00:45:03.760] PID: 62244
I[00:45:03.760] Working directory: /Users/scroobz/Navigation/saily
I[00:45:03.760] argv[0]: /Applications/Dev/Xcode.app/Contents/Developer/Toolchains/XcodeDefault.xctoolchain/usr/bin/clangd
I[00:45:03.760] Starting LSP over stdin/stdout
I[00:45:03.760] <-- initialize(1)
I[00:45:03.772] --> reply:initialize(1) 11 ms
I[00:45:03.773] <-- initialized
I[00:51:00.126] <-- shutdown(2)
I[00:51:00.126] --> reply:shutdown(2) 0 ms
I[00:51:00.127] <-- exit
I[00:51:00.127] LSP finished, exiting with status 0
I[07:58:40.972] Apple clangd version 17.0.0 (clang-1700.3.19.1)
I[07:58:40.973] Features: mac+xpc
I[07:58:40.973] PID: 3190
I[07:58:40.973] Working directory: /Users/scroobz/Navigation/saily
I[07:58:40.973] argv[0]: /Applications/Dev/Xcode.app/Contents/Developer/Toolchains/XcodeDefault.xctoolchain/usr/bin/clangd
I[07:58:40.973] Starting LSP over stdin/stdout
I[07:58:40.973] <-- initialize(1)
I[07:58:40.982] --> reply:initialize(1) 9 ms
I[07:58:40.983] <-- initialized
E[09:22:48.023] Transport error: Got signal, shutting down
I[09:22:48.025] LSP finished, exiting with status 1
I[09:22:53.600] Apple clangd version 17.0.0 (clang-1700.3.19.1)
I[09:22:53.600] Features: mac+xpc
I[09:22:53.600] PID: 36004
I[09:22:53.600] Working directory: /Users/scroobz/Navigation/saily
I[09:22:53.600] argv[0]: /Applications/Dev/Xcode.app/Contents/Developer/Toolchains/XcodeDefault.xctoolchain/usr/bin/clangd
I[09:22:53.600] Starting LSP over stdin/stdout
I[09:22:53.600] <-- initialize(1)
I[09:22:53.610] --> reply:initialize(1) 9 ms
I[09:22:53.610] <-- initialized
E[09:23:32.728] Transport error: Got signal, shutting down
I[09:23:32.728] LSP finished, exiting with status 1
I[09:23:48.325] Apple clangd version 17.0.0 (clang-1700.3.19.1)
I[09:23:48.325] Features: mac+xpc
I[09:23:48.325] PID: 36808
I[09:23:48.325] Working directory: /Users/scroobz/Navigation/saily
I[09:23:48.325] argv[0]: /Applications/Dev/Xcode.app/Contents/Developer/Toolchains/XcodeDefault.xctoolchain/usr/bin/clangd
I[09:23:48.325] Starting LSP over stdin/stdout
I[09:23:48.326] <-- initialize(1)
I[09:23:48.334] --> reply:initialize(1) 8 ms
I[09:23:48.334] <-- initialized
E[10:43:17.961] Transport error: Got signal, shutting down
I[10:43:17.963] LSP finished, exiting with status 1
I[05:28:44.398] Apple clangd version 17.0.0 (clang-1700.3.19.1)
I[05:28:44.399] Features: mac+xpc
I[05:28:44.399] PID: 96267
I[05:28:44.399] Working directory: /Users/scroobz/Navigation/saily
I[05:28:44.399] argv[0]: /Applications/Dev/Xcode.app/Contents/Developer/Toolchains/XcodeDefault.xctoolchain/usr/bin/clangd
I[05:28:44.400] Starting LSP over stdin/stdout
I[05:28:44.400] <-- initialize(1)
I[05:28:44.413] --> reply:initialize(1) 12 ms
I[05:28:44.414] <-- initialized
I[07:42:37.064] Apple clangd version 17.0.0 (clang-1700.3.19.1)
I[07:42:37.066] Features: mac+xpc
I[07:42:37.066] PID: 81386
I[07:42:37.066] Working directory: /Users/scroobz/Navigation/saily
I[07:42:37.066] argv[0]: /Applications/Dev/Xcode.app/Contents/Developer/Toolchains/XcodeDefault.xctoolchain/usr/bin/clangd
I[07:42:37.067] Starting LSP over stdin/stdout
I[07:42:37.068] <-- initialize(1)
I[07:42:37.080] --> reply:initialize(1) 12 ms
I[07:42:37.080] <-- initialized
I[16:58:58.369] <-- shutdown(2)
I[16:58:58.372] --> reply:shutdown(2) 2 ms
I[16:58:58.373] <-- exit
I[16:58:58.373] LSP finished, exiting with status 0
I[08:51:34.529] Apple clangd version 17.0.0 (clang-1700.3.19.1)
I[08:51:34.530] Features: mac+xpc
I[08:51:34.530] PID: 66997
I[08:51:34.530] Working directory: /Users/scroobz/Navigation/saily
I[08:51:34.530] argv[0]: /Applications/Dev/Xcode.app/Contents/Developer/Toolchains/XcodeDefault.xctoolchain/usr/bin/clangd
I[08:51:34.531] Starting LSP over stdin/stdout
I[08:51:34.532] <-- initialize(1)
I[08:51:34.543] --> reply:initialize(1) 11 ms
I[08:51:34.543] <-- initialized
E[08:52:47.423] Transport error: Got signal, shutting down
I[08:52:47.424] LSP finished, exiting with status 1
I[08:52:52.090] Apple clangd version 17.0.0 (clang-1700.3.19.1)
I[08:52:52.090] Features: mac+xpc
I[08:52:52.090] PID: 68744
I[08:52:52.090] Working directory: /Users/scroobz/Navigation/saily
I[08:52:52.090] argv[0]: /Applications/Dev/Xcode.app/Contents/Developer/Toolchains/XcodeDefault.xctoolchain/usr/bin/clangd
I[08:52:52.090] Starting LSP over stdin/stdout
I[08:52:52.090] <-- initialize(1)
I[08:52:52.097] --> reply:initialize(1) 6 ms
I[08:52:52.097] <-- initialized
E[11:48:48.675] Transport error: Got signal, shutting down
I[11:48:48.675] LSP finished, exiting with status 1
I[11:48:52.765] Apple clangd version 17.0.0 (clang-1700.3.19.1)
I[11:48:52.766] Features: mac+xpc
I[11:48:52.766] PID: 7372
I[11:48:52.766] Working directory: /Users/scroobz/Navigation/saily
I[11:48:52.766] argv[0]: /Applications/Dev/Xcode.app/Contents/Developer/Toolchains/XcodeDefault.xctoolchain/usr/bin/clangd
I[11:48:52.766] Starting LSP over stdin/stdout
I[11:48:52.767] <-- initialize(1)
I[11:48:52.779] --> reply:initialize(1) 12 ms
I[11:48:52.779] <-- initialized
